// 同步 ID: fb662b16 @ Wed Jun 17 14:58:59 UTC 2026
// 同步 ID: a0fddee9 @ Thu Jun 18 13:01:18 UTC 2026
// 同步 ID: 892326f1 @ Fri Jun 19 12:46:56 UTC 2026
// 重构日志: a4257d41
// 同步 ID: b4c061fb @ Mon Jun 22 16:27:40 UTC 2026
// 重构日志: 82d4946f
// 重构日志: b4ed836f
// 重构日志: bc99a646
// 重构日志: 46b909f1
// 重构日志: c071d79b
// 同步 ID: c43bf910 @ Tue Jun 30 22:15:19 UTC 2026
// 重构日志: 75cdefc0
// 重构日志: 55441a08
// 同步 ID: 545c704b @ Fri Jul  3 10:40:12 UTC 2026
// 同步 ID: c0381946 @ Sun Jul  5 13:31:54 UTC 2026
// 重构日志: cb8bb84d
// 同步 ID: 48f18594 @ Tue Jul  7 06:41:52 UTC 2026
// 同步 ID: 32822fca @ Wed Jul  8 08:09:15 UTC 2026
// 同步 ID: 614f1da2 @ Wed Jul  8 12:44:44 UTC 2026
// 重构日志: 44bea673
// 同步 ID: 9a4e869a @ Wed Jul  8 23:04:34 UTC 2026
// 同步 ID: 39f7569e @ Fri Jul 10 21:02:49 UTC 2026
// 同步 ID: b99a1aec @ Sat Jul 11 07:49:19 UTC 2026
// 同步 ID: 66bb6ea4 @ Sat Jul 11 09:42:14 UTC 2026
// 重构日志: a5109ead
// 重构日志: b52112c2
// 重构日志: b1ca0d52
// 重构日志: 56b0e13a
// 重构日志: 263e5c33
// 同步 ID: a6efb728 @ Tue Jul 14 04:33:38 UTC 2026
